
10月 23, 2018 16:03:54.74 NEW SESSION
10月 23, 2018 16:03:54.74 context mismatch in svga_sampler_view_destroy
10月 23, 2018 16:03:54.74 context mismatch in svga_sampler_view_destroy

10月 23, 2018 17:32:35.89 NEW SESSION
10月 23, 2018 17:32:35.89 已在现有的浏览器会话中创建新的窗口。
10月 23, 2018 17:39:51.47 [7289:7289:1023/173951.456970:ERROR:input_method_base.cc(146)] Not implemented reached in virtual ui::InputMethodKeyboardController *ui::InputMethodBase::GetInputMethodKeyboardController()Using InputMethodKeyboardControllerStub
10月 23, 2018 17:40:14.30 context mismatch in svga_sampler_view_destroy
10月 23, 2018 20:30:03.21 [12911:12911:1023/203003.214039:ERROR:input_method_base.cc(146)] Not implemented reached in virtual ui::InputMethodKeyboardController *ui::InputMethodBase::GetInputMethodKeyboardController()Using InputMethodKeyboardControllerStub
10月 23, 2018 20:30:10.14 context mismatch in svga_sampler_view_destroy
10月 23, 2018 20:30:10.14 context mismatch in svga_sampler_view_destroy
10月 23, 2018 20:30:10.15 context mismatch in svga_sampler_view_destroy
10月 23, 2018 20:30:10.15 context mismatch in svga_sampler_view_destroy
10月 23, 2018 20:30:10.15 context mismatch in svga_sampler_view_destroy
10月 23, 2018 20:30:10.15 context mismatch in svga_sampler_view_destroy
10月 23, 2018 20:30:10.15 context mismatch in svga_sampler_view_destroy
10月 23, 2018 20:30:10.15 context mismatch in svga_sampler_view_destroy
10月 23, 2018 20:30:10.15 context mismatch in svga_sampler_view_destroy
10月 23, 2018 20:30:10.15 context mismatch in svga_sampler_view_destroy
10月 23, 2018 20:30:10.15 context mismatch in svga_sampler_view_destroy
10月 23, 2018 20:30:10.15 context mismatch in svga_sampler_view_destroy
10月 23, 2018 20:30:10.15 context mismatch in svga_sampler_view_destroy
10月 23, 2018 20:30:10.15 context mismatch in svga_sampler_view_destroy
10月 23, 2018 20:30:10.15 context mismatch in svga_sampler_view_destroy
10月 23, 2018 20:30:10.15 context mismatch in svga_sampler_view_destroy
10月 23, 2018 20:31:26.85 [13275:13275:1023/203126.859083:ERROR:input_method_base.cc(146)] Not implemented reached in virtual ui::InputMethodKeyboardController *ui::InputMethodBase::GetInputMethodKeyboardController()Using InputMethodKeyboardControllerStub
10月 23, 2018 20:31:35.91 context mismatch in svga_sampler_view_destroy
10月 23, 2018 20:31:35.91 context mismatch in svga_sampler_view_destroy
10月 23, 2018 20:31:35.91 context mismatch in svga_sampler_view_destroy
10月 23, 2018 20:31:35.91 context mismatch in svga_sampler_view_destroy
10月 23, 2018 20:31:35.91 context mismatch in svga_sampler_view_destroy
10月 23, 2018 20:31:35.91 context mismatch in svga_sampler_view_destroy
10月 23, 2018 20:31:35.91 context mismatch in svga_sampler_view_destroy
10月 23, 2018 20:31:35.91 context mismatch in svga_sampler_view_destroy
10月 23, 2018 20:31:35.91 context mismatch in svga_sampler_view_destroy
10月 23, 2018 20:31:35.91 context mismatch in svga_sampler_view_destroy
10月 23, 2018 20:31:35.91 context mismatch in svga_sampler_view_destroy
10月 23, 2018 20:31:35.91 context mismatch in svga_sampler_view_destroy
10月 23, 2018 20:31:35.91 context mismatch in svga_sampler_view_destroy
10月 23, 2018 20:31:35.91 context mismatch in svga_sampler_view_destroy
10月 23, 2018 20:31:35.91 context mismatch in svga_sampler_view_destroy
10月 23, 2018 20:31:35.91 context mismatch in svga_sampler_view_destroy
10月 23, 2018 20:33:22.24 context mismatch in svga_sampler_view_destroy

10月 24, 2018 10:20:01.50 NEW SESSION
10月 24, 2018 10:20:01.50 [4816:4834:1024/102001.499911:ERROR:ssl_client_socket_impl.cc(1061)] handshake failed; returned -1, SSL error code 1, net_error -101
10月 24, 2018 10:20:01.61 [4816:4834:1024/102001.615812:ERROR:ssl_client_socket_impl.cc(1061)] handshake failed; returned -1, SSL error code 1, net_error -101
10月 24, 2018 10:20:05.66 [4816:4816:1024/102005.660700:ERROR:input_method_base.cc(146)] Not implemented reached in virtual ui::InputMethodKeyboardController *ui::InputMethodBase::GetInputMethodKeyboardController()Using InputMethodKeyboardControllerStub
10月 24, 2018 10:23:46.73 context mismatch in svga_sampler_view_destroy
10月 24, 2018 10:23:46.73 context mismatch in svga_sampler_view_destroy
10月 24, 2018 10:23:46.73 context mismatch in svga_sampler_view_destroy
10月 24, 2018 10:23:46.73 context mismatch in svga_sampler_view_destroy
10月 24, 2018 10:23:46.73 context mismatch in svga_sampler_view_destroy
10月 24, 2018 10:23:46.73 context mismatch in svga_sampler_view_destroy
10月 24, 2018 10:24:15.43 context mismatch in svga_sampler_view_destroy
10月 24, 2018 10:24:15.43 context mismatch in svga_sampler_view_destroy
10月 24, 2018 10:24:15.43 context mismatch in svga_sampler_view_destroy
10月 24, 2018 10:24:15.43 context mismatch in svga_sampler_view_destroy
10月 24, 2018 10:24:22.91 context mismatch in svga_sampler_view_destroy
10月 24, 2018 10:24:22.91 context mismatch in svga_sampler_view_destroy
10月 24, 2018 10:24:22.91 context mismatch in svga_sampler_view_destroy
10月 24, 2018 10:24:22.91 context mismatch in svga_sampler_view_destroy
10月 24, 2018 10:24:28.94 context mismatch in svga_sampler_view_destroy
10月 24, 2018 10:24:28.94 context mismatch in svga_sampler_view_destroy
10月 24, 2018 10:24:28.94 context mismatch in svga_sampler_view_destroy
10月 24, 2018 10:24:28.94 context mismatch in svga_sampler_view_destroy
10月 24, 2018 10:24:45.81 context mismatch in svga_sampler_view_destroy
10月 24, 2018 10:24:45.81 context mismatch in svga_sampler_view_destroy
10月 24, 2018 10:24:45.82 context mismatch in svga_sampler_view_destroy
10月 24, 2018 10:24:45.82 context mismatch in svga_sampler_view_destroy
10月 24, 2018 10:25:10.95 context mismatch in svga_sampler_view_destroy
10月 24, 2018 10:25:10.95 context mismatch in svga_sampler_view_destroy
10月 24, 2018 10:25:10.95 context mismatch in svga_sampler_view_destroy
10月 24, 2018 10:25:10.95 context mismatch in svga_sampler_view_destroy
10月 24, 2018 10:25:10.95 context mismatch in svga_sampler_view_destroy
10月 24, 2018 10:25:10.95 context mismatch in svga_sampler_view_destroy
10月 24, 2018 10:25:10.95 context mismatch in svga_sampler_view_destroy
10月 24, 2018 10:25:10.95 context mismatch in svga_sampler_view_destroy
10月 24, 2018 10:26:11.25 context mismatch in svga_sampler_view_destroy
10月 24, 2018 10:26:11.25 context mismatch in svga_sampler_view_destroy
10月 24, 2018 10:26:11.25 context mismatch in svga_sampler_view_destroy
10月 24, 2018 10:26:11.25 context mismatch in svga_sampler_view_destroy
10月 24, 2018 10:26:11.25 context mismatch in svga_sampler_view_destroy
10月 24, 2018 10:26:11.25 context mismatch in svga_sampler_view_destroy
10月 24, 2018 10:26:11.25 context mismatch in svga_sampler_view_destroy
10月 24, 2018 10:26:11.25 context mismatch in svga_sampler_view_destroy
10月 24, 2018 10:28:05.93 context mismatch in svga_sampler_view_destroy
10月 24, 2018 10:28:05.93 context mismatch in svga_sampler_view_destroy
10月 24, 2018 10:28:05.93 context mismatch in svga_sampler_view_destroy
10月 24, 2018 10:28:05.93 context mismatch in svga_sampler_view_destroy
10月 24, 2018 10:28:05.93 context mismatch in svga_sampler_view_destroy
10月 24, 2018 10:28:05.93 context mismatch in svga_sampler_view_destroy
10月 24, 2018 10:28:05.93 context mismatch in svga_sampler_view_destroy
10月 24, 2018 10:28:05.93 context mismatch in svga_sampler_view_destroy
10月 24, 2018 10:28:56.30 context mismatch in svga_sampler_view_destroy
10月 24, 2018 10:28:56.30 context mismatch in svga_sampler_view_destroy
10月 24, 2018 10:28:56.30 context mismatch in svga_sampler_view_destroy
10月 24, 2018 10:28:56.30 context mismatch in svga_sampler_view_destroy
10月 24, 2018 10:28:56.30 context mismatch in svga_sampler_view_destroy
10月 24, 2018 10:28:56.30 context mismatch in svga_sampler_view_destroy
10月 24, 2018 10:28:56.30 context mismatch in svga_sampler_view_destroy
10月 24, 2018 10:28:56.30 context mismatch in svga_sampler_view_destroy
10月 24, 2018 10:29:42.05 context mismatch in svga_sampler_view_destroy
10月 24, 2018 10:29:46.95 context mismatch in svga_sampler_view_destroy
10月 24, 2018 10:29:46.95 context mismatch in svga_sampler_view_destroy
10月 24, 2018 10:29:46.95 context mismatch in svga_sampler_view_destroy
10月 24, 2018 10:29:46.95 context mismatch in svga_sampler_view_destroy
10月 24, 2018 10:29:46.95 context mismatch in svga_sampler_view_destroy
10月 24, 2018 10:29:46.95 context mismatch in svga_sampler_view_destroy
10月 24, 2018 10:29:46.95 context mismatch in svga_sampler_view_destroy
10月 24, 2018 10:29:46.95 context mismatch in svga_sampler_view_destroy
10月 24, 2018 10:30:07.05 context mismatch in svga_sampler_view_destroy
10月 24, 2018 10:30:16.53 context mismatch in svga_sampler_view_destroy
10月 24, 2018 10:30:16.53 context mismatch in svga_sampler_view_destroy
10月 24, 2018 10:30:16.53 context mismatch in svga_sampler_view_destroy
10月 24, 2018 10:30:16.53 context mismatch in svga_sampler_view_destroy
10月 24, 2018 10:30:16.53 context mismatch in svga_sampler_view_destroy
10月 24, 2018 10:30:16.53 context mismatch in svga_sampler_view_destroy
10月 24, 2018 10:30:16.53 context mismatch in svga_sampler_view_destroy
10月 24, 2018 10:30:16.53 context mismatch in svga_sampler_view_destroy
10月 24, 2018 10:30:29.71 context mismatch in svga_sampler_view_destroy
10月 24, 2018 10:30:29.71 context mismatch in svga_sampler_view_destroy
10月 24, 2018 10:30:29.71 context mismatch in svga_sampler_view_destroy
10月 24, 2018 10:30:29.71 context mismatch in svga_sampler_view_destroy
10月 24, 2018 10:30:29.71 context mismatch in svga_sampler_view_destroy
10月 24, 2018 10:30:29.71 context mismatch in svga_sampler_view_destroy
10月 24, 2018 10:30:29.71 context mismatch in svga_sampler_view_destroy
10月 24, 2018 10:30:29.71 context mismatch in svga_sampler_view_destroy
10月 24, 2018 10:30:33.77 context mismatch in svga_sampler_view_destroy
10月 24, 2018 10:30:38.79 context mismatch in svga_sampler_view_destroy
10月 24, 2018 10:30:38.79 context mismatch in svga_sampler_view_destroy
10月 24, 2018 10:30:38.79 context mismatch in svga_sampler_view_destroy
10月 24, 2018 10:30:38.79 context mismatch in svga_sampler_view_destroy
10月 24, 2018 10:30:38.79 context mismatch in svga_sampler_view_destroy
10月 24, 2018 10:30:38.79 context mismatch in svga_sampler_view_destroy
10月 24, 2018 10:30:38.79 context mismatch in svga_sampler_view_destroy
10月 24, 2018 10:31:38.93 context mismatch in svga_sampler_view_destroy
10月 24, 2018 10:31:47.79 context mismatch in svga_sampler_view_destroy
10月 24, 2018 10:31:47.79 context mismatch in svga_sampler_view_destroy
10月 24, 2018 10:31:47.79 context mismatch in svga_sampler_view_destroy
10月 24, 2018 10:31:47.79 context mismatch in svga_sampler_view_destroy
10月 24, 2018 10:31:59.75 context mismatch in svga_sampler_view_destroy
10月 24, 2018 10:49:03.12 context mismatch in svga_sampler_view_destroy
10月 24, 2018 10:49:03.12 context mismatch in svga_sampler_view_destroy
10月 24, 2018 10:49:03.12 context mismatch in svga_sampler_view_destroy
10月 24, 2018 10:49:03.12 context mismatch in svga_sampler_view_destroy
10月 24, 2018 10:49:13.31 context mismatch in svga_sampler_view_destroy
10月 24, 2018 10:49:13.31 context mismatch in svga_sampler_view_destroy
10月 24, 2018 10:49:13.31 context mismatch in svga_sampler_view_destroy
10月 24, 2018 10:49:13.31 context mismatch in svga_sampler_view_destroy
10月 24, 2018 10:49:22.84 context mismatch in svga_sampler_view_destroy
10月 24, 2018 10:49:22.84 context mismatch in svga_sampler_view_destroy
10月 24, 2018 10:49:22.84 context mismatch in svga_sampler_view_destroy
10月 24, 2018 10:49:31.61 context mismatch in svga_sampler_view_destroy
10月 24, 2018 10:49:31.61 context mismatch in svga_sampler_view_destroy
10月 24, 2018 10:49:31.61 context mismatch in svga_sampler_view_destroy
10月 24, 2018 10:49:31.61 context mismatch in svga_sampler_view_destroy
10月 24, 2018 10:50:12.95 context mismatch in svga_sampler_view_destroy
10月 24, 2018 10:51:31.98 context mismatch in svga_sampler_view_destroy
10月 24, 2018 10:51:36.94 context mismatch in svga_sampler_view_destroy
10月 24, 2018 10:51:52.87 context mismatch in svga_sampler_view_destroy
10月 24, 2018 10:51:58.91 context mismatch in svga_sampler_view_destroy
10月 24, 2018 10:51:58.91 context mismatch in svga_sampler_view_destroy
10月 24, 2018 10:51:58.91 context mismatch in svga_sampler_view_destroy
10月 24, 2018 10:51:58.91 context mismatch in svga_sampler_view_destroy
10月 24, 2018 10:54:32.78 context mismatch in svga_sampler_view_destroy
10月 24, 2018 10:54:32.78 context mismatch in svga_sampler_view_destroy
10月 24, 2018 10:54:32.78 context mismatch in svga_sampler_view_destroy
10月 24, 2018 10:54:32.78 context mismatch in svga_sampler_view_destroy
10月 24, 2018 11:01:49.73 context mismatch in svga_sampler_view_destroy
10月 24, 2018 11:01:49.73 context mismatch in svga_sampler_view_destroy
10月 24, 2018 11:01:49.73 context mismatch in svga_sampler_view_destroy
10月 24, 2018 11:01:49.73 context mismatch in svga_sampler_view_destroy
10月 24, 2018 11:02:02.20 context mismatch in svga_sampler_view_destroy
10月 24, 2018 11:02:07.21 context mismatch in svga_sampler_view_destroy
10月 24, 2018 11:02:07.21 context mismatch in svga_sampler_view_destroy
10月 24, 2018 11:02:07.21 context mismatch in svga_sampler_view_destroy
10月 24, 2018 11:02:07.21 context mismatch in svga_sampler_view_destroy
10月 24, 2018 11:02:12.46 context mismatch in svga_sampler_view_destroy
10月 24, 2018 11:02:12.46 context mismatch in svga_sampler_view_destroy
10月 24, 2018 11:02:12.46 context mismatch in svga_sampler_view_destroy
10月 24, 2018 11:05:11.25 context mismatch in svga_sampler_view_destroy
10月 24, 2018 11:05:11.45 [4816:4834:1024/110511.452354:ERROR:ssl_client_socket_impl.cc(1061)] handshake failed; returned -1, SSL error code 1, net_error -101
10月 24, 2018 11:05:11.63 [4816:4834:1024/110511.630227:ERROR:ssl_client_socket_impl.cc(1061)] handshake failed; returned -1, SSL error code 1, net_error -101
10月 24, 2018 11:05:11.73 [4816:4834:1024/110511.731214:ERROR:ssl_client_socket_impl.cc(1061)] handshake failed; returned -1, SSL error code 1, net_error -101
10月 24, 2018 11:05:11.77 [4816:4834:1024/110511.779191:ERROR:ssl_client_socket_impl.cc(1061)] handshake failed; returned -1, SSL error code 1, net_error -101
10月 24, 2018 11:05:11.91 [4816:4834:1024/110511.909850:ERROR:ssl_client_socket_impl.cc(1061)] handshake failed; returned -1, SSL error code 1, net_error -101

10月 24, 2018 13:53:20.24 NEW SESSION
10月 24, 2018 13:53:20.24 [3481:3481:1024/135320.237550:ERROR:input_method_base.cc(146)] Not implemented reached in virtual ui::InputMethodKeyboardController *ui::InputMethodBase::GetInputMethodKeyboardController()Using InputMethodKeyboardControllerStub
10月 24, 2018 13:53:40.19 context mismatch in svga_sampler_view_destroy
10月 24, 2018 13:53:45.91 context mismatch in svga_sampler_view_destroy
10月 24, 2018 13:53:45.91 context mismatch in svga_sampler_view_destroy
10月 24, 2018 13:53:45.91 context mismatch in svga_sampler_view_destroy
10月 24, 2018 13:53:45.91 context mismatch in svga_sampler_view_destroy

10月 25, 2018 21:43:08.26 NEW SESSION
10月 25, 2018 21:43:08.26 已在现有的浏览器会话中创建新的窗口。
10月 25, 2018 22:00:23.16 [12584:12584:1025/220023.167074:ERROR:input_method_base.cc(146)] Not implemented reached in virtual ui::InputMethodKeyboardController *ui::InputMethodBase::GetInputMethodKeyboardController()Using InputMethodKeyboardControllerStub
10月 25, 2018 22:00:30.66 context mismatch in svga_sampler_view_destroy
10月 25, 2018 22:00:30.66 context mismatch in svga_sampler_view_destroy
10月 25, 2018 22:00:30.66 context mismatch in svga_sampler_view_destroy
10月 25, 2018 22:00:30.66 context mismatch in svga_sampler_view_destroy
10月 25, 2018 22:00:30.66 context mismatch in svga_sampler_view_destroy

10月 25, 2018 22:39:15.67 NEW SESSION
10月 25, 2018 22:39:15.67 context mismatch in svga_sampler_view_destroy
10月 25, 2018 22:50:23.51 已在现有的浏览器会话中创建新的窗口。

10月 26, 2018 15:24:02.58 NEW SESSION
10月 26, 2018 15:24:02.58 [4877:4877:1026/152402.407083:ERROR:input_method_base.cc(146)] Not implemented reached in virtual ui::InputMethodKeyboardController *ui::InputMethodBase::GetInputMethodKeyboardController()Using InputMethodKeyboardControllerStub
10月 26, 2018 15:24:14.57 context mismatch in svga_sampler_view_destroy
10月 26, 2018 15:24:14.57 context mismatch in svga_sampler_view_destroy
10月 26, 2018 15:24:14.57 context mismatch in svga_sampler_view_destroy
10月 26, 2018 15:24:14.57 context mismatch in svga_sampler_view_destroy
10月 26, 2018 15:24:31.27 context mismatch in svga_sampler_view_destroy
10月 26, 2018 15:24:31.27 context mismatch in svga_sampler_view_destroy

10月 28, 2018 18:47:36.19 NEW SESSION
10月 28, 2018 18:47:36.19 context mismatch in svga_sampler_view_destroy
10月 28, 2018 18:47:36.20 context mismatch in svga_sampler_view_destroy
10月 28, 2018 18:47:36.25 context mismatch in svga_sampler_view_destroy
10月 28, 2018 18:49:08.22 [3231:3231:1028/184908.225132:ERROR:input_method_base.cc(146)] Not implemented reached in virtual ui::InputMethodKeyboardController *ui::InputMethodBase::GetInputMethodKeyboardController()Using InputMethodKeyboardControllerStub
10月 28, 2018 18:49:16.25 context mismatch in svga_sampler_view_destroy
10月 28, 2018 18:49:16.25 context mismatch in svga_sampler_view_destroy
10月 28, 2018 18:49:16.25 context mismatch in svga_sampler_view_destroy
10月 28, 2018 18:49:16.25 context mismatch in svga_sampler_view_destroy
10月 28, 2018 18:49:16.25 context mismatch in svga_sampler_view_destroy
10月 28, 2018 18:49:16.25 context mismatch in svga_sampler_view_destroy
10月 28, 2018 18:49:16.25 context mismatch in svga_sampler_view_destroy
10月 28, 2018 18:49:16.25 context mismatch in svga_sampler_view_destroy
10月 28, 2018 18:49:16.25 context mismatch in svga_sampler_view_destroy
10月 28, 2018 18:49:16.25 context mismatch in svga_sampler_view_destroy
10月 28, 2018 18:49:16.50 context mismatch in svga_sampler_view_destroy
10月 28, 2018 18:50:05.54 context mismatch in svga_sampler_view_destroy
10月 28, 2018 18:50:05.54 context mismatch in svga_sampler_view_destroy
10月 28, 2018 18:50:05.54 context mismatch in svga_sampler_view_destroy
10月 28, 2018 18:50:05.54 context mismatch in svga_sampler_view_destroy
10月 28, 2018 18:50:05.54 context mismatch in svga_sampler_view_destroy
10月 28, 2018 18:50:05.54 context mismatch in svga_sampler_view_destroy
10月 28, 2018 18:50:05.54 context mismatch in svga_sampler_view_destroy
10月 28, 2018 18:50:05.54 context mismatch in svga_sampler_view_destroy
10月 28, 2018 18:50:05.54 context mismatch in svga_sampler_view_destroy
10月 28, 2018 18:50:05.54 context mismatch in svga_sampler_view_destroy
10月 28, 2018 18:50:05.54 context mismatch in svga_sampler_view_destroy
10月 28, 2018 18:50:05.54 context mismatch in svga_sampler_view_destroy
10月 28, 2018 18:50:05.60 context mismatch in svga_sampler_view_destroy
10月 28, 2018 18:50:43.15 context mismatch in svga_sampler_view_destroy
10月 28, 2018 18:50:45.78 context mismatch in svga_sampler_view_destroy
10月 28, 2018 18:50:45.78 context mismatch in svga_sampler_view_destroy
10月 28, 2018 18:50:45.98 context mismatch in svga_sampler_view_destroy
10月 28, 2018 18:50:45.98 context mismatch in svga_sampler_view_destroy
10月 28, 2018 18:50:46.03 context mismatch in svga_sampler_view_destroy
10月 28, 2018 18:50:46.03 context mismatch in svga_sampler_view_destroy
10月 28, 2018 18:50:46.38 context mismatch in svga_sampler_view_destroy
10月 28, 2018 18:50:46.38 context mismatch in svga_sampler_view_destroy
10月 28, 2018 18:50:47.58 context mismatch in svga_sampler_view_destroy
10月 28, 2018 18:50:47.58 context mismatch in svga_sampler_view_destroy
10月 28, 2018 18:50:47.58 context mismatch in svga_sampler_view_destroy
10月 28, 2018 18:50:47.58 context mismatch in svga_sampler_view_destroy
10月 28, 2018 18:50:48.98 context mismatch in svga_sampler_view_destroy
10月 28, 2018 18:50:48.98 context mismatch in svga_sampler_view_destroy
10月 28, 2018 18:50:49.05 context mismatch in svga_sampler_view_destroy
10月 28, 2018 18:50:49.05 context mismatch in svga_sampler_view_destroy
10月 28, 2018 18:50:49.05 context mismatch in svga_sampler_view_destroy
10月 28, 2018 18:50:49.05 context mismatch in svga_sampler_view_destroy
10月 28, 2018 18:50:49.35 context mismatch in svga_sampler_view_destroy
10月 28, 2018 18:50:49.35 context mismatch in svga_sampler_view_destroy
10月 28, 2018 18:50:49.35 context mismatch in svga_sampler_view_destroy
10月 28, 2018 18:50:49.35 context mismatch in svga_sampler_view_destroy
10月 28, 2018 18:50:49.44 context mismatch in svga_sampler_view_destroy
10月 28, 2018 18:50:49.44 context mismatch in svga_sampler_view_destroy
10月 28, 2018 18:50:49.44 context mismatch in svga_sampler_view_destroy
10月 28, 2018 18:50:49.44 context mismatch in svga_sampler_view_destroy
10月 28, 2018 18:50:49.68 context mismatch in svga_sampler_view_destroy
10月 28, 2018 18:50:49.68 context mismatch in svga_sampler_view_destroy
10月 28, 2018 18:50:49.68 context mismatch in svga_sampler_view_destroy
10月 28, 2018 18:50:49.68 context mismatch in svga_sampler_view_destroy
10月 28, 2018 18:50:49.74 context mismatch in svga_sampler_view_destroy
10月 28, 2018 18:50:49.74 context mismatch in svga_sampler_view_destroy
10月 28, 2018 18:50:49.74 context mismatch in svga_sampler_view_destroy
10月 28, 2018 18:50:49.74 context mismatch in svga_sampler_view_destroy
10月 28, 2018 18:50:49.78 context mismatch in svga_sampler_view_destroy
10月 28, 2018 18:50:49.78 context mismatch in svga_sampler_view_destroy
10月 28, 2018 18:50:49.78 context mismatch in svga_sampler_view_destroy
10月 28, 2018 18:50:49.78 context mismatch in svga_sampler_view_destroy
10月 28, 2018 18:50:49.84 context mismatch in svga_sampler_view_destroy
10月 28, 2018 18:50:49.84 context mismatch in svga_sampler_view_destroy
10月 28, 2018 18:50:49.84 context mismatch in svga_sampler_view_destroy
10月 28, 2018 18:50:49.84 context mismatch in svga_sampler_view_destroy
10月 28, 2018 18:50:49.91 context mismatch in svga_sampler_view_destroy
10月 28, 2018 18:50:49.91 context mismatch in svga_sampler_view_destroy
10月 28, 2018 18:50:49.91 context mismatch in svga_sampler_view_destroy
10月 28, 2018 18:50:49.91 context mismatch in svga_sampler_view_destroy
10月 28, 2018 18:50:49.94 context mismatch in svga_sampler_view_destroy
10月 28, 2018 18:50:49.94 context mismatch in svga_sampler_view_destroy
10月 28, 2018 18:50:49.94 context mismatch in svga_sampler_view_destroy
10月 28, 2018 18:50:49.94 context mismatch in svga_sampler_view_destroy
10月 28, 2018 18:50:49.99 context mismatch in svga_sampler_view_destroy
10月 28, 2018 18:50:49.99 context mismatch in svga_sampler_view_destroy
10月 28, 2018 18:50:49.99 context mismatch in svga_sampler_view_destroy
10月 28, 2018 18:50:49.99 context mismatch in svga_sampler_view_destroy
10月 28, 2018 18:50:50.04 context mismatch in svga_sampler_view_destroy
10月 28, 2018 18:50:50.04 context mismatch in svga_sampler_view_destroy
10月 28, 2018 18:50:50.04 context mismatch in svga_sampler_view_destroy
10月 28, 2018 18:50:50.04 context mismatch in svga_sampler_view_destroy
10月 28, 2018 18:50:50.29 context mismatch in svga_sampler_view_destroy
10月 28, 2018 18:50:50.29 context mismatch in svga_sampler_view_destroy
10月 28, 2018 18:50:50.29 context mismatch in svga_sampler_view_destroy
10月 28, 2018 18:50:50.29 context mismatch in svga_sampler_view_destroy
10月 28, 2018 18:50:50.35 context mismatch in svga_sampler_view_destroy
10月 28, 2018 18:50:50.35 context mismatch in svga_sampler_view_destroy
10月 28, 2018 18:50:50.35 context mismatch in svga_sampler_view_destroy
10月 28, 2018 18:50:50.35 context mismatch in svga_sampler_view_destroy
10月 28, 2018 18:50:50.40 context mismatch in svga_sampler_view_destroy
10月 28, 2018 18:50:50.40 context mismatch in svga_sampler_view_destroy
10月 28, 2018 18:50:50.40 context mismatch in svga_sampler_view_destroy
10月 28, 2018 18:50:50.40 context mismatch in svga_sampler_view_destroy
10月 28, 2018 18:50:50.46 context mismatch in svga_sampler_view_destroy
10月 28, 2018 18:50:50.47 context mismatch in svga_sampler_view_destroy
10月 28, 2018 18:50:50.47 context mismatch in svga_sampler_view_destroy
10月 28, 2018 18:50:50.47 context mismatch in svga_sampler_view_destroy
10月 28, 2018 18:50:50.54 context mismatch in svga_sampler_view_destroy
10月 28, 2018 18:50:50.54 context mismatch in svga_sampler_view_destroy
10月 28, 2018 18:50:50.54 context mismatch in svga_sampler_view_destroy
10月 28, 2018 18:50:50.54 context mismatch in svga_sampler_view_destroy
10月 28, 2018 18:50:50.59 context mismatch in svga_sampler_view_destroy
10月 28, 2018 18:50:50.59 context mismatch in svga_sampler_view_destroy
10月 28, 2018 18:50:50.59 context mismatch in svga_sampler_view_destroy
10月 28, 2018 18:50:50.59 context mismatch in svga_sampler_view_destroy
10月 28, 2018 18:50:50.66 context mismatch in svga_sampler_view_destroy
10月 28, 2018 18:50:50.66 context mismatch in svga_sampler_view_destroy
10月 28, 2018 18:50:50.66 context mismatch in svga_sampler_view_destroy
10月 28, 2018 18:50:50.66 context mismatch in svga_sampler_view_destroy
10月 28, 2018 18:50:50.73 context mismatch in svga_sampler_view_destroy
10月 28, 2018 18:50:50.73 context mismatch in svga_sampler_view_destroy
10月 28, 2018 18:50:50.73 context mismatch in svga_sampler_view_destroy
10月 28, 2018 18:50:50.73 context mismatch in svga_sampler_view_destroy
10月 28, 2018 18:50:50.74 context mismatch in svga_sampler_view_destroy
10月 28, 2018 18:50:50.74 context mismatch in svga_sampler_view_destroy
10月 28, 2018 18:50:50.74 context mismatch in svga_sampler_view_destroy
10月 28, 2018 18:50:50.74 context mismatch in svga_sampler_view_destroy
10月 28, 2018 18:50:50.79 context mismatch in svga_sampler_view_destroy
10月 28, 2018 18:50:50.79 context mismatch in svga_sampler_view_destroy
10月 28, 2018 18:50:50.79 context mismatch in svga_sampler_view_destroy
10月 28, 2018 18:50:50.79 context mismatch in svga_sampler_view_destroy
10月 28, 2018 18:50:50.86 context mismatch in svga_sampler_view_destroy
10月 28, 2018 18:50:50.86 context mismatch in svga_sampler_view_destroy
10月 28, 2018 18:50:50.86 context mismatch in svga_sampler_view_destroy
10月 28, 2018 18:50:50.86 context mismatch in svga_sampler_view_destroy
10月 28, 2018 18:50:50.88 context mismatch in svga_sampler_view_destroy
10月 28, 2018 18:50:50.88 context mismatch in svga_sampler_view_destroy
10月 28, 2018 18:50:50.88 context mismatch in svga_sampler_view_destroy
10月 28, 2018 18:50:50.88 context mismatch in svga_sampler_view_destroy
10月 28, 2018 18:50:50.94 context mismatch in svga_sampler_view_destroy
10月 28, 2018 18:50:50.95 context mismatch in svga_sampler_view_destroy
10月 28, 2018 18:50:50.95 context mismatch in svga_sampler_view_destroy
10月 28, 2018 18:50:50.95 context mismatch in svga_sampler_view_destroy
10月 28, 2018 18:50:51.00 context mismatch in svga_sampler_view_destroy
10月 28, 2018 18:50:51.00 context mismatch in svga_sampler_view_destroy
10月 28, 2018 18:50:51.00 context mismatch in svga_sampler_view_destroy
10月 28, 2018 18:50:51.00 context mismatch in svga_sampler_view_destroy
10月 28, 2018 18:50:51.23 context mismatch in svga_sampler_view_destroy
10月 28, 2018 18:50:51.23 context mismatch in svga_sampler_view_destroy
10月 28, 2018 18:50:51.23 context mismatch in svga_sampler_view_destroy
10月 28, 2018 18:50:51.23 context mismatch in svga_sampler_view_destroy
10月 28, 2018 18:50:51.98 context mismatch in svga_sampler_view_destroy
10月 28, 2018 18:50:52.06 context mismatch in svga_sampler_view_destroy

10月 28, 2018 20:25:06.64 NEW SESSION
10月 28, 2018 20:25:06.64 context mismatch in svga_sampler_view_destroy
10月 28, 2018 20:27:13.37 context mismatch in svga_sampler_view_destroy
10月 28, 2018 20:28:01.88 context mismatch in svga_sampler_view_destroy
10月 28, 2018 20:38:12.31 context mismatch in svga_sampler_view_destroy
10月 28, 2018 20:38:12.31 context mismatch in svga_sampler_view_destroy
10月 28, 2018 20:38:12.31 context mismatch in svga_sampler_view_destroy
10月 28, 2018 20:38:12.31 context mismatch in svga_sampler_view_destroy
10月 28, 2018 20:38:12.31 context mismatch in svga_sampler_view_destroy
10月 28, 2018 20:38:12.31 context mismatch in svga_sampler_view_destroy
10月 28, 2018 20:38:12.31 context mismatch in svga_sampler_view_destroy
10月 28, 2018 20:38:12.31 context mismatch in svga_sampler_view_destroy
10月 28, 2018 20:38:12.31 context mismatch in svga_sampler_view_destroy
10月 28, 2018 20:38:12.31 context mismatch in svga_sampler_view_destroy
10月 28, 2018 20:38:12.31 context mismatch in svga_sampler_view_destroy
10月 28, 2018 20:38:12.31 context mismatch in svga_sampler_view_destroy
10月 28, 2018 20:38:38.47 context mismatch in svga_sampler_view_destroy
10月 28, 2018 20:38:38.47 context mismatch in svga_sampler_view_destroy
10月 28, 2018 20:38:38.47 context mismatch in svga_sampler_view_destroy
10月 28, 2018 20:38:38.47 context mismatch in svga_sampler_view_destroy
10月 28, 2018 20:38:38.47 context mismatch in svga_sampler_view_destroy
10月 28, 2018 20:38:41.31 [4498:4498:1028/203841.317401:ERROR:buffer_manager.cc(491)] [.BrowserCompositor-0x3ee69e435000]GL ERROR :GL_INVALID_OPERATION : glBufferData: <- error from previous GL command
10月 28, 2018 20:38:46.87 context mismatch in svga_sampler_view_destroy
10月 28, 2018 20:38:46.87 context mismatch in svga_sampler_view_destroy
10月 28, 2018 20:40:32.33 已在现有的浏览器会话中创建新的窗口。
10月 28, 2018 20:40:35.72 context mismatch in svga_sampler_view_destroy
10月 28, 2018 20:40:39.59 [4454:4454:1028/204039.597167:ERROR:input_method_base.cc(146)] Not implemented reached in virtual ui::InputMethodKeyboardController *ui::InputMethodBase::GetInputMethodKeyboardController()Using InputMethodKeyboardControllerStub
10月 28, 2018 20:40:41.35 context mismatch in svga_sampler_view_destroy
10月 28, 2018 20:40:41.35 context mismatch in svga_sampler_view_destroy
10月 28, 2018 20:40:41.35 context mismatch in svga_sampler_view_destroy
10月 28, 2018 20:40:41.35 context mismatch in svga_sampler_view_destroy
10月 28, 2018 20:40:41.35 context mismatch in svga_sampler_view_destroy
10月 28, 2018 20:40:41.35 context mismatch in svga_sampler_view_destroy
10月 28, 2018 20:40:41.98 context mismatch in svga_sampler_view_destroy
10月 28, 2018 20:40:41.98 context mismatch in svga_sampler_view_destroy
10月 28, 2018 20:40:41.98 context mismatch in svga_sampler_view_destroy
10月 28, 2018 20:40:41.98 context mismatch in svga_sampler_view_destroy
10月 28, 2018 20:40:41.99 context mismatch in svga_sampler_view_destroy
10月 28, 2018 20:40:41.99 context mismatch in svga_sampler_view_destroy
10月 28, 2018 20:40:41.99 context mismatch in svga_sampler_view_destroy
10月 28, 2018 20:40:41.99 context mismatch in svga_sampler_view_destroy
10月 28, 2018 20:40:41.99 context mismatch in svga_sampler_view_destroy
10月 28, 2018 20:40:56.98 [4942:4942:1028/204056.986645:ERROR:input_method_base.cc(146)] Not implemented reached in virtual ui::InputMethodKeyboardController *ui::InputMethodBase::GetInputMethodKeyboardController()Using InputMethodKeyboardControllerStub
10月 28, 2018 20:41:32.04 context mismatch in svga_sampler_view_destroy
10月 28, 2018 20:42:46.58 context mismatch in svga_sampler_view_destroy
10月 28, 2018 20:42:46.58 context mismatch in svga_sampler_view_destroy
10月 28, 2018 20:43:05.94 context mismatch in svga_sampler_view_destroy
10月 28, 2018 20:43:05.94 context mismatch in svga_sampler_view_destroy
10月 28, 2018 20:43:08.63 已在现有的浏览器会话中创建新的窗口。
10月 28, 2018 20:43:11.87 context mismatch in svga_sampler_view_destroy
10月 28, 2018 20:43:12.64 context mismatch in svga_sampler_view_destroy
10月 28, 2018 20:43:12.86 context mismatch in svga_sampler_view_destroy
10月 28, 2018 20:43:14.12 context mismatch in svga_sampler_view_destroy
10月 28, 2018 20:43:14.12 context mismatch in svga_sampler_view_destroy
10月 28, 2018 20:43:15.40 context mismatch in svga_sampler_view_destroy
10月 28, 2018 20:43:15.40 context mismatch in svga_sampler_view_destroy
10月 28, 2018 20:43:15.41 context mismatch in svga_sampler_view_destroy
10月 28, 2018 20:45:29.47 context mismatch in svga_sampler_view_destroy
10月 28, 2018 20:45:32.10 context mismatch in svga_sampler_view_destroy
10月 28, 2018 20:45:32.32 context mismatch in svga_sampler_view_destroy
10月 28, 2018 20:45:33.46 context mismatch in svga_sampler_view_destroy
10月 28, 2018 20:45:33.46 context mismatch in svga_sampler_view_destroy
10月 28, 2018 20:45:36.08 context mismatch in svga_sampler_view_destroy
10月 28, 2018 20:45:38.37 context mismatch in svga_sampler_view_destroy
10月 28, 2018 20:45:38.38 context mismatch in svga_sampler_view_destroy
10月 28, 2018 20:45:39.83 context mismatch in svga_sampler_view_destroy
10月 28, 2018 20:45:49.53 [5648:5648:1028/204549.538909:ERROR:input_method_base.cc(146)] Not implemented reached in virtual ui::InputMethodKeyboardController *ui::InputMethodBase::GetInputMethodKeyboardController()Using InputMethodKeyboardControllerStub
10月 28, 2018 20:46:10.49 context mismatch in svga_sampler_view_destroy
10月 28, 2018 20:46:26.57 context mismatch in svga_sampler_view_destroy
10月 28, 2018 20:46:32.35 context mismatch in svga_sampler_view_destroy
10月 28, 2018 20:46:32.35 context mismatch in svga_sampler_view_destroy
10月 28, 2018 20:46:32.35 context mismatch in svga_sampler_view_destroy
10月 28, 2018 20:46:32.35 context mismatch in svga_sampler_view_destroy
10月 28, 2018 20:46:54.08 context mismatch in svga_sampler_view_destroy

11月 04, 2018 20:57:30.43 NEW SESSION
11月 04, 2018 20:57:30.43 context mismatch in svga_sampler_view_destroy

11月 05, 2018 15:53:22.38 NEW SESSION
11月 05, 2018 15:53:22.38 [7483:7483:1105/155322.280466:ERROR:input_method_base.cc(146)] Not implemented reached in virtual ui::InputMethodKeyboardController *ui::InputMethodBase::GetInputMethodKeyboardController()Using InputMethodKeyboardControllerStub
11月 05, 2018 15:53:36.08 context mismatch in svga_sampler_view_destroy
11月 05, 2018 15:53:36.08 context mismatch in svga_sampler_view_destroy
11月 05, 2018 15:53:45.83 context mismatch in svga_sampler_view_destroy
11月 05, 2018 15:55:03.50 context mismatch in svga_sampler_view_destroy

11月 09, 2018 16:44:53.93 NEW SESSION
11月 09, 2018 16:44:53.93 [19317:19317:1109/164453.929158:ERROR:input_method_base.cc(146)] Not implemented reached in virtual ui::InputMethodKeyboardController *ui::InputMethodBase::GetInputMethodKeyboardController()Using InputMethodKeyboardControllerStub
11月 09, 2018 17:28:54.03 [23389:23389:1109/172854.035692:ERROR:input_method_base.cc(146)] Not implemented reached in virtual ui::InputMethodKeyboardController *ui::InputMethodBase::GetInputMethodKeyboardController()Using InputMethodKeyboardControllerStub
11月 09, 2018 17:28:59.47 context mismatch in svga_sampler_view_destroy
11月 09, 2018 17:28:59.47 context mismatch in svga_sampler_view_destroy
11月 09, 2018 17:30:09.68 [23762:23762:1109/173009.685708:ERROR:input_method_base.cc(146)] Not implemented reached in virtual ui::InputMethodKeyboardController *ui::InputMethodBase::GetInputMethodKeyboardController()Using InputMethodKeyboardControllerStub
11月 09, 2018 17:30:16.08 context mismatch in svga_sampler_view_destroy
11月 09, 2018 17:30:16.08 context mismatch in svga_sampler_view_destroy
11月 09, 2018 17:31:36.39 已在现有的浏览器会话中创建新的窗口。
11月 09, 2018 17:31:50.43 context mismatch in svga_sampler_view_destroy
11月 09, 2018 17:31:50.43 context mismatch in svga_sampler_view_destroy
11月 09, 2018 17:32:00.32 context mismatch in svga_sampler_view_destroy
11月 09, 2018 17:32:00.32 context mismatch in svga_sampler_view_destroy
11月 09, 2018 17:32:17.86 context mismatch in svga_sampler_view_destroy
11月 09, 2018 17:32:17.86 context mismatch in svga_sampler_view_destroy
11月 09, 2018 17:32:28.02 context mismatch in svga_sampler_view_destroy
11月 09, 2018 17:32:41.29 context mismatch in svga_sampler_view_destroy
11月 09, 2018 17:32:41.29 context mismatch in svga_sampler_view_destroy
11月 09, 2018 17:32:41.29 context mismatch in svga_sampler_view_destroy
11月 09, 2018 17:32:41.29 context mismatch in svga_sampler_view_destroy
11月 09, 2018 17:32:57.57 context mismatch in svga_sampler_view_destroy
11月 09, 2018 17:32:57.57 context mismatch in svga_sampler_view_destroy
11月 09, 2018 17:33:13.11 context mismatch in svga_sampler_view_destroy
11月 09, 2018 17:33:25.60 context mismatch in svga_sampler_view_destroy
11月 09, 2018 17:33:25.60 context mismatch in svga_sampler_view_destroy
11月 09, 2018 17:33:25.60 context mismatch in svga_sampler_view_destroy
11月 09, 2018 17:33:25.60 context mismatch in svga_sampler_view_destroy
